[NX Daemon Server] - 2025-06-14T22:37:54.167Z - Started listening on: /var/folders/61/vk2r4fm176q5262pv_gxt5wh0000gn/T/9472713737be86776186/d.sock
[NX Daemon Server] - 2025-06-14T22:37:54.168Z - [WATCHER]: Subscribed to changes within: /Users/jlb/repos/cucumber-declarative-gherkin/first-bank-of-change (native)
[NX Daemon Server] - 2025-06-14T22:37:54.171Z - Established a connection. Number of open connections: 1
[NX Daemon Server] - 2025-06-14T22:37:54.171Z - Established a connection. Number of open connections: 2
[NX Daemon Server] - 2025-06-14T22:37:54.172Z - Closed a connection. Number of open connections: 1
[NX Daemon Server] - 2025-06-14T22:37:54.173Z - [REQUEST]: Responding to the client. Shutdown initiated
[NX Daemon Server] - 2025-06-14T22:37:54.173Z - Done responding to the client Shutdown initiated
[NX Daemon Server] - 2025-06-14T22:37:54.173Z - Handled FORCE_SHUTDOWN. Handling time: 1. Response time: 0.
[NX Daemon Server] - 2025-06-14T22:37:54.174Z - Closed a connection. Number of open connections: 0
[NX Daemon Server] - 2025-06-14T22:37:54.174Z - [WATCHER]: Stopping the watcher for /Users/jlb/repos/cucumber-declarative-gherkin/first-bank-of-change (sources)
[NX Daemon Server] - 2025-06-14T22:37:54.174Z - [WATCHER]: Stopping the watcher for /Users/jlb/repos/cucumber-declarative-gherkin/first-bank-of-change (outputs)
[NX Daemon Server] - 2025-06-14T22:38:24.131Z - Started listening on: /var/folders/61/vk2r4fm176q5262pv_gxt5wh0000gn/T/9472713737be86776186/d.sock
[NX Daemon Server] - 2025-06-14T22:38:24.133Z - [WATCHER]: Subscribed to changes within: /Users/jlb/repos/cucumber-declarative-gherkin/first-bank-of-change (native)
[NX Daemon Server] - 2025-06-14T22:38:24.136Z - Established a connection. Number of open connections: 1
[NX Daemon Server] - 2025-06-14T22:38:24.136Z - Established a connection. Number of open connections: 2
[NX Daemon Server] - 2025-06-14T22:38:24.137Z - Closed a connection. Number of open connections: 1
[NX Daemon Server] - 2025-06-14T22:38:24.138Z - [REQUEST]: Responding to the client. Shutdown initiated
[NX Daemon Server] - 2025-06-14T22:38:24.138Z - Done responding to the client Shutdown initiated
[NX Daemon Server] - 2025-06-14T22:38:24.138Z - Handled FORCE_SHUTDOWN. Handling time: 1. Response time: 0.
[NX Daemon Server] - 2025-06-14T22:38:24.139Z - Closed a connection. Number of open connections: 0
[NX Daemon Server] - 2025-06-14T22:38:24.139Z - [WATCHER]: Stopping the watcher for /Users/jlb/repos/cucumber-declarative-gherkin/first-bank-of-change (sources)
[NX Daemon Server] - 2025-06-14T22:38:24.139Z - [WATCHER]: Stopping the watcher for /Users/jlb/repos/cucumber-declarative-gherkin/first-bank-of-change (outputs)
